2022-08-02T02:37:23+00:00 CRITICAL Uncaught TypeError: array_filter(): Argument #1 ($array) must be of type array, string given in C:\OpenServer\domains\narutotheme\wp-content\themes\qempo\single-portfolio.php:82
Stack trace:
#0 C:\OpenServer\domains\narutotheme\wp-content\themes\qempo\single-portfolio.php(82): array_filter()
#1 C:\OpenServer\domains\narutotheme\wp-includes\template-loader.php(106): include('C:\\OpenServer\\d...')
#2 C:\OpenServer\domains\narutotheme\wp-blog-header.php(19): require_once('C:\\OpenServer\\d...')
#3 C:\OpenServer\domains\narutotheme\index.php(17): require('C:\\OpenServer\\d...')
#4 {main}
  thrown в C:\OpenServer\domains\narutotheme\wp-content\themes\qempo\single-portfolio.php на строке 82

2022-08-02T02:37:40+00:00 CRITICAL Uncaught TypeError: array_filter(): Argument #1 ($array) must be of type array, string given in C:\OpenServer\domains\narutotheme\wp-content\themes\qempo\single-portfolio.php:82
Stack trace:
#0 C:\OpenServer\domains\narutotheme\wp-content\themes\qempo\single-portfolio.php(82): array_filter()
#1 C:\OpenServer\domains\narutotheme\wp-includes\template-loader.php(106): include('C:\\OpenServer\\d...')
#2 C:\OpenServer\domains\narutotheme\wp-blog-header.php(19): require_once('C:\\OpenServer\\d...')
#3 C:\OpenServer\domains\narutotheme\index.php(17): require('C:\\OpenServer\\d...')
#4 {main}
  thrown в C:\OpenServer\domains\narutotheme\wp-content\themes\qempo\single-portfolio.php на строке 82

2022-08-02T02:49:32+00:00 CRITICAL Uncaught TypeError: array_filter(): Argument #1 ($array) must be of type array, string given in C:\OpenServer\domains\narutotheme\wp-content\themes\qempo\single-portfolio.php:82
Stack trace:
#0 C:\OpenServer\domains\narutotheme\wp-content\themes\qempo\single-portfolio.php(82): array_filter()
#1 C:\OpenServer\domains\narutotheme\wp-includes\template-loader.php(106): include('C:\\OpenServer\\d...')
#2 C:\OpenServer\domains\narutotheme\wp-blog-header.php(19): require_once('C:\\OpenServer\\d...')
#3 C:\OpenServer\domains\narutotheme\index.php(17): require('C:\\OpenServer\\d...')
#4 {main}
  thrown в C:\OpenServer\domains\narutotheme\wp-content\themes\qempo\single-portfolio.php на строке 82

2022-08-02T04:38:46+00:00 CRITICAL Uncaught TypeError: array_filter(): Argument #1 ($array) must be of type array, string given in C:\OpenServer\domains\narutotheme\wp-content\themes\qempo\single-portfolio.php:82
Stack trace:
#0 C:\OpenServer\domains\narutotheme\wp-content\themes\qempo\single-portfolio.php(82): array_filter()
#1 C:\OpenServer\domains\narutotheme\wp-includes\template-loader.php(106): include('C:\\OpenServer\\d...')
#2 C:\OpenServer\domains\narutotheme\wp-blog-header.php(19): require_once('C:\\OpenServer\\d...')
#3 C:\OpenServer\domains\narutotheme\index.php(17): require('C:\\OpenServer\\d...')
#4 {main}
  thrown в C:\OpenServer\domains\narutotheme\wp-content\themes\qempo\single-portfolio.php на строке 82

